Lectures/L7 - Persistence, Preferences and SQLite/Chapter_8_To-do_List/app/build/outputs/logs/manifest-merger-debug-report.txt
-- Merging decision tree log ---
manifest
ADDED from AndroidManifest.xml:2:1
	package
		ADDED from AndroidManifest.xml:3:3
		INJECTED from AndroidManifest.xml:0:0
		INJECTED from AndroidManifest.xml:0:0
	android:versionName
		ADDED from AndroidManifest.xml:5:3
	android:versionCode
		ADDED from AndroidManifest.xml:4:3
		INJECTED from AndroidManifest.xml:0:0
		INJECTED from AndroidManifest.xml:0:0
	xmlns:android
		ADDED from AndroidManifest.xml:2:11
uses-sdk
ADDED from AndroidManifest.xml:7:3
	android:targetSdkVersion
		INJECTED from AndroidManifest.xml:0:0
		INJECTED from AndroidManifest.xml:0:0
	android:minSdkVersion
		ADDED from AndroidManifest.xml:7:13
application
ADDED from AndroidManifest.xml:9:3
	android:label
		ADDED from AndroidManifest.xml:11:5
	android:icon
		ADDED from AndroidManifest.xml:10:5
activity#com.paad.todolist.ToDoListActivity
ADDED from AndroidManifest.xml:12:5
	android:label
		ADDED from AndroidManifest.xml:14:7
	android:name
		ADDED from AndroidManifest.xml:13:7
intent-filter#android.intent.action.MAIN+android.intent.category.LAUNCHER
ADDED from AndroidManifest.xml:15:7
action#android.intent.action.MAIN
ADDED from AndroidManifest.xml:16:9
	android:name
		ADDED from AndroidManifest.xml:16:17
category#android.intent.category.LAUNCHER
ADDED from AndroidManifest.xml:17:9
	android:name
		ADDED from AndroidManifest.xml:17:19
provider#com.paad.todolist.ToDoContentProvider
ADDED from AndroidManifest.xml:20:5
	android:authorities
		ADDED from AndroidManifest.xml:21:11
	android:name
		ADDED from AndroidManifest.xml:20:15